2023-03-09 12:06:09.306 [warning] /Users/marcellemendes/.ssh/config: ENOENT: no such file or directory, open '/Users/marcellemendes/.ssh/config'
2023-03-09 12:06:09.391 [info] TemporaryState> Error in initialization: Unable to delete nonexistent file 'vscode-userdata:/Users/marcellemendes/Documents/code/my-app/PATH_TO_SOME_FOLDER_WHERE_VSCODE_WILL_STORE_TMP_DATA/User/globalStorage/github.vscode-pull-request-github/temp'
2023-03-09 12:06:09.445 [info] Looking for git repository
2023-03-09 12:06:09.445 [info] Found 0 repositories during activation
2023-03-09 12:06:09.445 [info] Git repository found, initializing review manager and pr tree view.
2023-03-09 12:06:09.446 [info] Registering git provider
2023-03-09 12:07:07.792 [warning] /Users/marcellemendes/.ssh/config: ENOENT: no such file or directory, open '/Users/marcellemendes/.ssh/config'
2023-03-09 12:07:07.875 [info] Looking for git repository
2023-03-09 12:07:07.875 [info] Found 0 repositories during activation
2023-03-09 12:07:07.875 [info] Git repository found, initializing review manager and pr tree view.
2023-03-09 12:07:10.677 [info] Registering git provider
2023-03-09 12:07:10.890 [info] Repository file:///Users/marcellemendes/Documents/code/my-app has been opened
2023-03-09 12:07:10.890 [info] Review> Validate state in progress
2023-03-09 12:07:10.890 [info] Review> Validating state...
2023-03-09 12:07:10.890 [info] Cannot updates repositories as git is uninitialized
2023-03-09 12:07:10.918 [info] Git initialization state changed: state=initialized
2023-03-09 12:07:10.918 [info] Review> Queuing additional validate state
2023-03-09 12:07:10.960 [info] Review> Validate state in progress
2023-03-09 12:07:10.960 [info] Review> Validating state...
2023-03-09 12:07:10.961 [info] Repo state for file:///Users/marcellemendes/Documents/code/my-app changed.
2023-03-09 12:07:10.961 [info] Repo file:///Users/marcellemendes/Documents/code/my-app has already been setup.
2023-03-09 12:07:10.961 [warning] No remotes found. The following remotes are missing: origin, upstream
2023-03-09 12:07:10.961 [info] No GitHub remotes found for folder /Users/marcellemendes/Documents/code/my-app
2023-03-09 12:07:10.965 [info] Review> Validating state...
2023-03-09 12:07:10.965 [warning] No remotes found. The following remotes are missing: origin, upstream
2023-03-09 12:07:10.965 [info] No GitHub remotes found for folder /Users/marcellemendes/Documents/code/my-app
2023-03-09 12:07:11.042 [info] Review> no matching pull request metadata found for current branch main
2023-03-09 12:07:11.042 [info] Review> No matching pull request metadata found on GitHub for current branch main
2023-03-09 12:07:11.067 [info] Review> no matching pull request metadata found for current branch main
2023-03-09 12:07:11.067 [info] Review> No matching pull request metadata found on GitHub for current branch main
