[Info  - 12:07:10 PM] [language-server] Registering module | module: "auto-fix"
[Info  - 12:07:10 PM] [language-server] Module registered | module: "auto-fix"
[Info  - 12:07:10 PM] [language-server] Registering module | module: "code-action"
[Info  - 12:07:10 PM] [language-server] Module registered | module: "code-action"
[Info  - 12:07:10 PM] [language-server] Registering module | module: "completion"
[Info  - 12:07:10 PM] [language-server] Module registered | module: "completion"
[Info  - 12:07:10 PM] [language-server] Registering module | module: "formatter"
[Info  - 12:07:10 PM] [language-server] Module registered | module: "formatter"
[Info  - 12:07:10 PM] [language-server] Registering module | module: "old-stylelint-warning"
[Info  - 12:07:10 PM] [language-server] Module registered | module: "old-stylelint-warning"
[Info  - 12:07:10 PM] [language-server] Registering module | module: "validator"
[Info  - 12:07:10 PM] [language-server] Module registered | module: "validator"
[Info  - 12:07:10 PM] [language-server] Starting language server
[Info  - 12:07:10 PM] [language-server] Registering handlers
[Info  - 12:07:10 PM] [language-server] Handlers registered
[Info  - 12:07:10 PM] [language-server] Language server started
[Warn  - 12:08:16 PM] [language-server] Could not load Stylelint from node_modules | error: {"name":"Error","message":"Failed to resolve module: stylelint","stack":"Error: Failed to resolve module: stylelint\n    at ChildProcess.<anonymous> (/Users/marcellemendes/.vscode/extensions/stylelint.vscode-stylelint-1.2.4/dist/start-server.js:33:57034)\n    at ChildProcess.emit (node:events:526:28)\n    at emit (node:internal/child_process:938:14)\n    at process.processTicksAndRejections (node:internal/process/task_queues:84:21)"}
[Warn  - 12:08:16 PM] [language-server] Failed to load Stylelint either globally or from the current workspace.
[Info  - 12:08:16 PM] [language-server] No Stylelint found with which to lint document | uri: "file:///Users/marcellemendes/Documents/code/my-app/src/index.css" options: {"codeAction":{"disableRuleComment":{"location":"separateLine"}},"config":null,"configFile":"","configBasedir":"","customSyntax":"","ignoreDisables":false,"packageManager":"npm","reportDescriptionlessDisables":false,"reportInvalidScopeDisables":false,"reportNeedlessDisables":false,"snippet":["css","less","postcss"],"stylelintPath":"","validate":["css","less","postcss"]}
[Warn  - 12:08:16 PM] [language-server] Could not load Stylelint from node_modules | error: {"name":"Error","message":"Failed to resolve module: stylelint","stack":"Error: Failed to resolve module: stylelint\n    at ChildProcess.<anonymous> (/Users/marcellemendes/.vscode/extensions/stylelint.vscode-stylelint-1.2.4/dist/start-server.js:33:57034)\n    at ChildProcess.emit (node:events:526:28)\n    at emit (node:internal/child_process:938:14)\n    at process.processTicksAndRejections (node:internal/process/task_queues:84:21)"}
[Warn  - 12:08:16 PM] [language-server] Failed to load Stylelint either globally or from the current workspace.
[Warn  - 12:08:16 PM] [language-server] Failed to resolve Stylelint | uri: "file:///Users/marcellemendes/Documents/code/my-app/src/index.css"
[Warn  - 12:08:56 PM] [language-server] Could not load Stylelint from node_modules | error: {"name":"Error","message":"Failed to resolve module: stylelint","stack":"Error: Failed to resolve module: stylelint\n    at ChildProcess.<anonymous> (/Users/marcellemendes/.vscode/extensions/stylelint.vscode-stylelint-1.2.4/dist/start-server.js:33:57034)\n    at ChildProcess.emit (node:events:526:28)\n    at emit (node:internal/child_process:938:14)\n    at process.processTicksAndRejections (node:internal/process/task_queues:84:21)"}
[Warn  - 12:08:56 PM] [language-server] Failed to load Stylelint either globally or from the current workspace.
[Info  - 12:08:56 PM] [language-server] No Stylelint found with which to lint document | uri: "file:///Users/marcellemendes/Documents/code/my-app/src/App.css" options: {"codeAction":{"disableRuleComment":{"location":"separateLine"}},"config":null,"configFile":"","configBasedir":"","customSyntax":"","ignoreDisables":false,"packageManager":"npm","reportDescriptionlessDisables":false,"reportInvalidScopeDisables":false,"reportNeedlessDisables":false,"snippet":["css","less","postcss"],"stylelintPath":"","validate":["css","less","postcss"]}
[Warn  - 12:09:07 PM] [language-server] Could not load Stylelint from node_modules | error: {"name":"Error","message":"Failed to resolve module: stylelint","stack":"Error: Failed to resolve module: stylelint\n    at ChildProcess.<anonymous> (/Users/marcellemendes/.vscode/extensions/stylelint.vscode-stylelint-1.2.4/dist/start-server.js:33:57034)\n    at ChildProcess.emit (node:events:526:28)\n    at emit (node:internal/child_process:938:14)\n    at process.processTicksAndRejections (node:internal/process/task_queues:84:21)"}
[Warn  - 12:09:07 PM] [language-server] Failed to load Stylelint either globally or from the current workspace.
[Info  - 12:09:07 PM] [language-server] No Stylelint found with which to lint document | uri: "file:///Users/marcellemendes/Documents/code/my-app/src/App.css" options: {"codeAction":{"disableRuleComment":{"location":"separateLine"}},"config":null,"configFile":"","configBasedir":"","customSyntax":"","ignoreDisables":false,"packageManager":"npm","reportDescriptionlessDisables":false,"reportInvalidScopeDisables":false,"reportNeedlessDisables":false,"snippet":["css","less","postcss"],"stylelintPath":"","validate":["css","less","postcss"]}
[Warn  - 12:09:10 PM] [language-server] Could not load Stylelint from node_modules | error: {"name":"Error","message":"Failed to resolve module: stylelint","stack":"Error: Failed to resolve module: stylelint\n    at ChildProcess.<anonymous> (/Users/marcellemendes/.vscode/extensions/stylelint.vscode-stylelint-1.2.4/dist/start-server.js:33:57034)\n    at ChildProcess.emit (node:events:526:28)\n    at emit (node:internal/child_process:938:14)\n    at process.processTicksAndRejections (node:internal/process/task_queues:84:21)"}
[Warn  - 12:09:10 PM] [language-server] Failed to load Stylelint either globally or from the current workspace.
[Info  - 12:09:10 PM] [language-server] No Stylelint found with which to lint document | uri: "file:///Users/marcellemendes/Documents/code/my-app/src/App.css" options: {"codeAction":{"disableRuleComment":{"location":"separateLine"}},"config":null,"configFile":"","configBasedir":"","customSyntax":"","ignoreDisables":false,"packageManager":"npm","reportDescriptionlessDisables":false,"reportInvalidScopeDisables":false,"reportNeedlessDisables":false,"snippet":["css","less","postcss"],"stylelintPath":"","validate":["css","less","postcss"]}
[Warn  - 12:09:11 PM] [language-server] Could not load Stylelint from node_modules | error: {"name":"Error","message":"Failed to resolve module: stylelint","stack":"Error: Failed to resolve module: stylelint\n    at ChildProcess.<anonymous> (/Users/marcellemendes/.vscode/extensions/stylelint.vscode-stylelint-1.2.4/dist/start-server.js:33:57034)\n    at ChildProcess.emit (node:events:526:28)\n    at emit (node:internal/child_process:938:14)\n    at process.processTicksAndRejections (node:internal/process/task_queues:84:21)"}
[Warn  - 12:09:11 PM] [language-server] Failed to load Stylelint either globally or from the current workspace.
[Info  - 12:09:11 PM] [language-server] No Stylelint found with which to lint document | uri: "file:///Users/marcellemendes/Documents/code/my-app/src/App.css" options: {"codeAction":{"disableRuleComment":{"location":"separateLine"}},"config":null,"configFile":"","configBasedir":"","customSyntax":"","ignoreDisables":false,"packageManager":"npm","reportDescriptionlessDisables":false,"reportInvalidScopeDisables":false,"reportNeedlessDisables":false,"snippet":["css","less","postcss"],"stylelintPath":"","validate":["css","less","postcss"]}
[Warn  - 12:09:23 PM] [language-server] Could not load Stylelint from node_modules | error: {"name":"Error","message":"Failed to resolve module: stylelint","stack":"Error: Failed to resolve module: stylelint\n    at ChildProcess.<anonymous> (/Users/marcellemendes/.vscode/extensions/stylelint.vscode-stylelint-1.2.4/dist/start-server.js:33:57034)\n    at ChildProcess.emit (node:events:526:28)\n    at emit (node:internal/child_process:938:14)\n    at process.processTicksAndRejections (node:internal/process/task_queues:84:21)"}
[Warn  - 12:09:23 PM] [language-server] Failed to load Stylelint either globally or from the current workspace.
[Info  - 12:09:23 PM] [language-server] No Stylelint found with which to lint document | uri: "file:///Users/marcellemendes/Documents/code/my-app/src/index.css" options: {"codeAction":{"disableRuleComment":{"location":"separateLine"}},"config":null,"configFile":"","configBasedir":"","customSyntax":"","ignoreDisables":false,"packageManager":"npm","reportDescriptionlessDisables":false,"reportInvalidScopeDisables":false,"reportNeedlessDisables":false,"snippet":["css","less","postcss"],"stylelintPath":"","validate":["css","less","postcss"]}
[Warn  - 12:09:31 PM] [language-server] Could not load Stylelint from node_modules | error: {"name":"Error","message":"Failed to resolve module: stylelint","stack":"Error: Failed to resolve module: stylelint\n    at ChildProcess.<anonymous> (/Users/marcellemendes/.vscode/extensions/stylelint.vscode-stylelint-1.2.4/dist/start-server.js:33:57034)\n    at ChildProcess.emit (node:events:526:28)\n    at emit (node:internal/child_process:938:14)\n    at process.processTicksAndRejections (node:internal/process/task_queues:84:21)"}
[Warn  - 12:09:31 PM] [language-server] Failed to load Stylelint either globally or from the current workspace.
[Info  - 12:09:31 PM] [language-server] No Stylelint found with which to lint document | uri: "file:///Users/marcellemendes/Documents/code/my-app/src/index.css" options: {"codeAction":{"disableRuleComment":{"location":"separateLine"}},"config":null,"configFile":"","configBasedir":"","customSyntax":"","ignoreDisables":false,"packageManager":"npm","reportDescriptionlessDisables":false,"reportInvalidScopeDisables":false,"reportNeedlessDisables":false,"snippet":["css","less","postcss"],"stylelintPath":"","validate":["css","less","postcss"]}
