[Info  - 12:08:02 PM] ESLint server is starting.
[Info  - 12:08:03 PM] ESLint server running in node v16.14.2
[Info  - 12:08:03 PM] ESLint server is running.
[Info  - 12:08:04 PM] ESLint library loaded from: /Users/marcellemendes/Documents/code/my-app/node_modules/eslint/lib/api.js
[Error - 1:17:57 PM] Cannot read config file: /Users/marcellemendes/Documents/code/my-app/node_modules/eslint-config-react-app/index.js Error: ENOENT: no such file or directory, open '/Users/marcellemendes/Documents/code/my-app/node_modules/eslint-config-react-app/index.js' Referenced from: /Users/marcellemendes/Documents/code/my-app/package.json
[Error - 1:18:05 PM] Cannot read config file: /Users/marcellemendes/Documents/code/my-app/node_modules/eslint-config-react-app/jest.js Error: ENOENT: no such file or directory, open '/Users/marcellemendes/Documents/code/my-app/node_modules/eslint-config-react-app/jest.js' Referenced from: /Users/marcellemendes/Documents/code/my-app/package.json
Uncaught exception received.
Error: Cannot read config file: /Users/marcellemendes/Documents/code/my-app/node_modules/eslint-config-react-app/jest.js
Error: ENOENT: no such file or directory, open '/Users/marcellemendes/Documents/code/my-app/node_modules/eslint-config-react-app/jest.js'
Referenced from: /Users/marcellemendes/Documents/code/my-app/package.json
    at Object.openSync (node:fs:585:3)
    at Object.func [as openSync] (node:electron/js2c/asar_bundle:5:1812)
    at Object.readFileSync (node:fs:453:35)
    at e.readFileSync (node:electron/js2c/asar_bundle:5:9160)
    at Module._extensions..js (node:internal/modules/cjs/loader:1183:18)
    at Module.load (node:internal/modules/cjs/loader:1035:32)
    at Module._load (node:internal/modules/cjs/loader:876:12)
    at c._load (node:electron/js2c/asar_bundle:5:13343)
    at Module.require (node:internal/modules/cjs/loader:1059:19)
    at module.exports [as default] (/Users/marcellemendes/Documents/code/my-app/node_modules/import-fresh/index.js:32:59)
    at loadJSConfigFile (/Users/marcellemendes/Documents/code/my-app/node_modules/@eslint/eslintrc/dist/eslintrc.cjs:2562:47)
    at loadConfigFile (/Users/marcellemendes/Documents/code/my-app/node_modules/@eslint/eslintrc/dist/eslintrc.cjs:2646:20)
    at ConfigArrayFactory._loadConfigData (/Users/marcellemendes/Documents/code/my-app/node_modules/@eslint/eslintrc/dist/eslintrc.cjs:2963:42)
    at ConfigArrayFactory._loadExtendedShareableConfig (/Users/marcellemendes/Documents/code/my-app/node_modules/@eslint/eslintrc/dist/eslintrc.cjs:3264:21)
    at ConfigArrayFactory._loadExtends (/Users/marcellemendes/Documents/code/my-app/node_modules/@eslint/eslintrc/dist/eslintrc.cjs:3135:25)
    at ConfigArrayFactory._normalizeObjectConfigDataBody (/Users/marcellemendes/Documents/code/my-app/node_modules/@eslint/eslintrc/dist/eslintrc.cjs:3074:25)
    at _normalizeObjectConfigDataBody.next (<anonymous>)
    at ConfigArrayFactory._normalizeObjectConfigData (/Users/marcellemendes/Documents/code/my-app/node_modules/@eslint/eslintrc/dist/eslintrc.cjs:3019:20)
    at _normalizeObjectConfigData.next (<anonymous>)
    at ConfigArrayFactory.loadInDirectory (/Users/marcellemendes/Documents/code/my-app/node_modules/@eslint/eslintrc/dist/eslintrc.cjs:2865:28)
    at CascadingConfigArrayFactory._loadConfigInAncestors (/Users/marcellemendes/Documents/code/my-app/node_modules/@eslint/eslintrc/dist/eslintrc.cjs:3848:46)
    at CascadingConfigArrayFactory.getConfigArrayForFile (/Users/marcellemendes/Documents/code/my-app/node_modules/@eslint/eslintrc/dist/eslintrc.cjs:3769:18)
    at CLIEngine.getConfigForFile (/Users/marcellemendes/Documents/code/my-app/node_modules/eslint/lib/cli-engine/cli-engine.js:969:14)
    at ESLint.calculateConfigForFile (/Users/marcellemendes/Documents/code/my-app/node_modules/eslint/lib/eslint/eslint.js:667:26)
    at /Users/marcellemendes/.vscode/extensions/dbaeumer.vscode-eslint-2.4.0/server/out/eslintServer.js:1:22174
    at Object.E [as withClass] (/Users/marcellemendes/.vscode/extensions/dbaeumer.vscode-eslint-2.4.0/server/out/eslintServer.js:1:18748)
    at w.then.g.validate (/Users/marcellemendes/.vscode/extensions/dbaeumer.vscode-eslint-2.4.0/server/out/eslintServer.js:1:22140)
    at process.processTicksAndRejections (node:internal/process/task_queues:96:5)
Uncaught exception received.
Error: Cannot read config file: /Users/marcellemendes/Documents/code/my-app/node_modules/eslint-config-react-app/jest.js
Error: ENOENT: no such file or directory, open '/Users/marcellemendes/Documents/code/my-app/node_modules/eslint-config-react-app/jest.js'
Referenced from: /Users/marcellemendes/Documents/code/my-app/package.json
    at Object.openSync (node:fs:585:3)
    at Object.func [as openSync] (node:electron/js2c/asar_bundle:5:1812)
    at Object.readFileSync (node:fs:453:35)
    at e.readFileSync (node:electron/js2c/asar_bundle:5:9160)
    at Module._extensions..js (node:internal/modules/cjs/loader:1183:18)
    at Module.load (node:internal/modules/cjs/loader:1035:32)
    at Module._load (node:internal/modules/cjs/loader:876:12)
    at c._load (node:electron/js2c/asar_bundle:5:13343)
    at Module.require (node:internal/modules/cjs/loader:1059:19)
    at module.exports [as default] (/Users/marcellemendes/Documents/code/my-app/node_modules/import-fresh/index.js:32:59)
    at loadJSConfigFile (/Users/marcellemendes/Documents/code/my-app/node_modules/@eslint/eslintrc/dist/eslintrc.cjs:2562:47)
    at loadConfigFile (/Users/marcellemendes/Documents/code/my-app/node_modules/@eslint/eslintrc/dist/eslintrc.cjs:2646:20)
    at ConfigArrayFactory._loadConfigData (/Users/marcellemendes/Documents/code/my-app/node_modules/@eslint/eslintrc/dist/eslintrc.cjs:2963:42)
    at ConfigArrayFactory._loadExtendedShareableConfig (/Users/marcellemendes/Documents/code/my-app/node_modules/@eslint/eslintrc/dist/eslintrc.cjs:3264:21)
    at ConfigArrayFactory._loadExtends (/Users/marcellemendes/Documents/code/my-app/node_modules/@eslint/eslintrc/dist/eslintrc.cjs:3135:25)
    at ConfigArrayFactory._normalizeObjectConfigDataBody (/Users/marcellemendes/Documents/code/my-app/node_modules/@eslint/eslintrc/dist/eslintrc.cjs:3074:25)
    at _normalizeObjectConfigDataBody.next (<anonymous>)
    at ConfigArrayFactory._normalizeObjectConfigData (/Users/marcellemendes/Documents/code/my-app/node_modules/@eslint/eslintrc/dist/eslintrc.cjs:3019:20)
    at _normalizeObjectConfigData.next (<anonymous>)
    at ConfigArrayFactory.loadInDirectory (/Users/marcellemendes/Documents/code/my-app/node_modules/@eslint/eslintrc/dist/eslintrc.cjs:2865:28)
    at CascadingConfigArrayFactory._loadConfigInAncestors (/Users/marcellemendes/Documents/code/my-app/node_modules/@eslint/eslintrc/dist/eslintrc.cjs:3848:46)
    at CascadingConfigArrayFactory.getConfigArrayForFile (/Users/marcellemendes/Documents/code/my-app/node_modules/@eslint/eslintrc/dist/eslintrc.cjs:3769:18)
    at CLIEngine.getConfigForFile (/Users/marcellemendes/Documents/code/my-app/node_modules/eslint/lib/cli-engine/cli-engine.js:969:14)
    at ESLint.calculateConfigForFile (/Users/marcellemendes/Documents/code/my-app/node_modules/eslint/lib/eslint/eslint.js:667:26)
    at /Users/marcellemendes/.vscode/extensions/dbaeumer.vscode-eslint-2.4.0/server/out/eslintServer.js:1:22174
    at Object.E [as withClass] (/Users/marcellemendes/.vscode/extensions/dbaeumer.vscode-eslint-2.4.0/server/out/eslintServer.js:1:18748)
    at w.then.g.validate (/Users/marcellemendes/.vscode/extensions/dbaeumer.vscode-eslint-2.4.0/server/out/eslintServer.js:1:22140)
    at process.processTicksAndRejections (node:internal/process/task_queues:96:5)
Uncaught exception received.
Error: Cannot read config file: /Users/marcellemendes/Documents/code/my-app/node_modules/eslint-config-react-app/jest.js
Error: ENOENT: no such file or directory, open '/Users/marcellemendes/Documents/code/my-app/node_modules/eslint-config-react-app/jest.js'
Referenced from: /Users/marcellemendes/Documents/code/my-app/package.json
    at Object.openSync (node:fs:585:3)
    at Object.func [as openSync] (node:electron/js2c/asar_bundle:5:1812)
    at Object.readFileSync (node:fs:453:35)
    at e.readFileSync (node:electron/js2c/asar_bundle:5:9160)
    at Module._extensions..js (node:internal/modules/cjs/loader:1183:18)
    at Module.load (node:internal/modules/cjs/loader:1035:32)
    at Module._load (node:internal/modules/cjs/loader:876:12)
    at c._load (node:electron/js2c/asar_bundle:5:13343)
    at Module.require (node:internal/modules/cjs/loader:1059:19)
    at module.exports [as default] (/Users/marcellemendes/Documents/code/my-app/node_modules/import-fresh/index.js:32:59)
    at loadJSConfigFile (/Users/marcellemendes/Documents/code/my-app/node_modules/@eslint/eslintrc/dist/eslintrc.cjs:2562:47)
    at loadConfigFile (/Users/marcellemendes/Documents/code/my-app/node_modules/@eslint/eslintrc/dist/eslintrc.cjs:2646:20)
    at ConfigArrayFactory._loadConfigData (/Users/marcellemendes/Documents/code/my-app/node_modules/@eslint/eslintrc/dist/eslintrc.cjs:2963:42)
    at ConfigArrayFactory._loadExtendedShareableConfig (/Users/marcellemendes/Documents/code/my-app/node_modules/@eslint/eslintrc/dist/eslintrc.cjs:3264:21)
    at ConfigArrayFactory._loadExtends (/Users/marcellemendes/Documents/code/my-app/node_modules/@eslint/eslintrc/dist/eslintrc.cjs:3135:25)
    at ConfigArrayFactory._normalizeObjectConfigDataBody (/Users/marcellemendes/Documents/code/my-app/node_modules/@eslint/eslintrc/dist/eslintrc.cjs:3074:25)
    at _normalizeObjectConfigDataBody.next (<anonymous>)
    at ConfigArrayFactory._normalizeObjectConfigData (/Users/marcellemendes/Documents/code/my-app/node_modules/@eslint/eslintrc/dist/eslintrc.cjs:3019:20)
    at _normalizeObjectConfigData.next (<anonymous>)
    at ConfigArrayFactory.loadInDirectory (/Users/marcellemendes/Documents/code/my-app/node_modules/@eslint/eslintrc/dist/eslintrc.cjs:2865:28)
    at CascadingConfigArrayFactory._loadConfigInAncestors (/Users/marcellemendes/Documents/code/my-app/node_modules/@eslint/eslintrc/dist/eslintrc.cjs:3848:46)
    at CascadingConfigArrayFactory.getConfigArrayForFile (/Users/marcellemendes/Documents/code/my-app/node_modules/@eslint/eslintrc/dist/eslintrc.cjs:3769:18)
    at CLIEngine.getConfigForFile (/Users/marcellemendes/Documents/code/my-app/node_modules/eslint/lib/cli-engine/cli-engine.js:969:14)
    at ESLint.calculateConfigForFile (/Users/marcellemendes/Documents/code/my-app/node_modules/eslint/lib/eslint/eslint.js:667:26)
    at /Users/marcellemendes/.vscode/extensions/dbaeumer.vscode-eslint-2.4.0/server/out/eslintServer.js:1:22174
    at Object.E [as withClass] (/Users/marcellemendes/.vscode/extensions/dbaeumer.vscode-eslint-2.4.0/server/out/eslintServer.js:1:18748)
    at w.then.g.validate (/Users/marcellemendes/.vscode/extensions/dbaeumer.vscode-eslint-2.4.0/server/out/eslintServer.js:1:22140)
    at process.processTicksAndRejections (node:internal/process/task_queues:96:5)
