Initializing document watcher...
my-app/src/logo.svg: {}
my-app/src/setupTests.js: {}
my-app/src/reportWebVitals.js: {}
my-app/src/setupTests.js: {}
my-app/src/reportWebVitals.js: {}
my-app/src/setupTests.js: {}
my-app/src/index.js: {}
my-app/src/index.css: {}
my-app/src/App.test.js: {}
my-app/src/App.js: {}
my-app/src/App.js: Using EditorConfig core...
my-app/src/App.js: {}
my-app/src/App.css: {}
my-app/src/App.css: Using EditorConfig core...
my-app/src/App.css: {}
my-app/src/App.js: {}
my-app/src/App.test.js: {}
my-app/src/index.css: {}
my-app/src/index.js: {}
my-app/src/index.css: {}
my-app/src/App.js: {}
my-app/src/index.js: {}
my-app/src/index.js: Using EditorConfig core...
my-app/src/index.js: {}
my-app/src/index.js: {}
my-app/src/index.js: {}
my-app/src/context/UserAuthContext.js: {}
my-app/src/context/UserAuthContext.js: {}
my-app/src/context/UserAuthContext.js: {}
my-app/src/context/UserAuthContext.js: {}
my-app/src/components/Home.js: {}
my-app/src/components/Login.js: {}
my-app/src/components/ProtectedRoute.js: {}
my-app/src/components/Signup.js: {}
my-app/src/components/Home.js: {}
my-app/src/components/Home.js: Using EditorConfig core...
my-app/src/components/Home.js: {}
my-app/src/components/Login.js: {}
my-app/src/components/Login.js: Using EditorConfig core...
my-app/src/components/Home.js: {}
my-app/src/components/Login.js: {}
my-app/src/components/Signup.js: {}
my-app/src/components/Signup.js: Using EditorConfig core...
my-app/src/components/Login.js: {}
my-app/src/components/ProtectedRoute.js: {}
my-app/src/components/Login.js: {}
my-app/src/components/Login.js: Using EditorConfig core...
my-app/src/components/Login.js: Using EditorConfig core...
my-app/src/components/Login.js: {}
my-app/src/components/Login.js: Using EditorConfig core...
my-app/src/components/Login.js: {}
my-app/src/components/Signup.js: {}
my-app/src/components/Signup.js: Using EditorConfig core...
my-app/src/components/Login.js: {}
my-app/src/components/Login.js: Using EditorConfig core...
my-app/src/components/Login.js: {}
my-app/src/components/ProtectedRoute.js: {}
my-app/src/components/ProtectedRoute.js: {}
my-app/src/components/ProtectedRoute.js: Using EditorConfig core...
my-app/src/components/ProtectedRoute.js: {}
my-app/src/components/ProtectedRoute.js: {}
my-app/src/App.css: {}
my-app/src/App.js: {}
my-app/src/App.js: {}
my-app/src/App.css: {}
my-app/src/App.js: {}
my-app/src/components/firebase.js: {}
my-app/src/components/firebase.js: {}
my-app/src/index.js: {}
my-app/src/components/firebase.js: {}
my-app/src/components/firebase.js: {}
my-app/src/components/firebase.js: Using EditorConfig core...
my-app/src/components/firebase.js: {}
my-app/src/components/firebase.js: {}
my-app/src/components/firebase.js: {}
my-app/src/components/firebase.js: Using EditorConfig core...
my-app/src/components/firebase.js: {}
my-app/src/index.js: {}
my-app/src/index.js: {}
my-app/src/App.js: {}
my-app/src/App.js: {}
my-app/src/App.js: {}
my-app/src/App.js: Using EditorConfig core...
my-app/src/App.js: {}
my-app/src/App.js: Using EditorConfig core...
my-app/src/App.js: {}
my-app/README.md: {}
my-app/package.json: {}
my-app/PATH_TO_SOME_FOLDER_WHERE_VSCODE_WILL_STORE_TMP_DATA/User/settings.json: Using EditorConfig core...
my-app/package.json: {}
my-app/package.json: {}
my-app/src/context/UserAuthContext.js: {}
my-app/package.json: {}
my-app/src/App.js: {}
my-app/src/App.js: Using EditorConfig core...
my-app/src/App.js: {}
my-app/src/App.js: Using EditorConfig core...
my-app/src/App.js: {}
my-app/src/App.js: Using EditorConfig core...
my-app/src/App.js: {}
my-app/src/context/UserAuthContext.js: {}
my-app/src/App.js: {}
my-app/src/components/Home.js: {}
my-app/src/components/Login.js: {}
my-app/src/components/Home.js: {}
my-app/src/components/Login.js: {}
my-app/src/components/ProtectedRoute.js: {}
my-app/src/components/Login.js: {}
my-app/src/App.css: {}
my-app/src/App.js: {}
my-app/src/App.js: {}
my-app/src/App.js: Using EditorConfig core...
my-app/src/App.js: {}
my-app/src/App.js: {}
my-app/src/App.js: {}
my-app/src/App.jsx: {}
my-app/src/App.jsx: {}
my-app/src/index.js: {}
my-app/src/App.jsx: {}
my-app/src/App.js: {}
my-app/src/App.js: Using EditorConfig core...
my-app/src/App.js: {}
my-app/src/App.js: {}
my-app/src/App.js: {}
my-app/src/App.js: Using EditorConfig core...
my-app/src/App.js: {}
my-app/src/App.js: Using EditorConfig core...
my-app/src/index.js: {}
my-app/src/index.js: Using EditorConfig core...
my-app/src/index.js: {}
my-app/src/index.js: Using EditorConfig core...
my-app/src/index.js: {}
my-app/src/App.js: {}
my-app/src/components/Login.js: {}
my-app/src/components/Login.js: Using EditorConfig core...
my-app/src/components/Login.js: Using EditorConfig core...
my-app/src/components/Login.js: {}
my-app/src/components/Signup.js: {}
my-app/src/components/Signup.js: Using EditorConfig core...
my-app/src/components/ProtectedRoute.js: {}
my-app/src/components/Login.js: {}
my-app/src/components/Signup.js: {}
my-app/src/components/Signup.js: Using EditorConfig core...
my-app/src/components/Signup.js: {}
my-app/src/components/Signup.js: Using EditorConfig core...
my-app/src/components/Signup.js: {}
my-app/src/context/UserAuthContext.js: {}
my-app/src/context/UserAuthContext.js: {}
my-app/src/context/UserAuthContext.js: {}
my-app/src/context/UserAuthContext.js: Using EditorConfig core...
my-app/src/context/UserAuthContext.js: Using EditorConfig core...
my-app/src/context/UserAuthContext.js: {}
my-app/src/context/UserAuthContext.js: {}
my-app/src/context/UserAuthContext.js: {}
my-app/src/context/UserAuthContext.js: {}
my-app/README.md: {}
my-app/package.json: {}
my-app/package.json: {}
my-app/package.json: {}
my-app/src/context/UserAuthContext.js: {}
my-app/src/context/UserAuthContext.js: {}
my-app/src/context/UserAuthContext.js: Using EditorConfig core...
my-app/src/context/UserAuthContext.js: Using EditorConfig core...
my-app/src/context/UserAuthContext.js: Using EditorConfig core...
my-app/src/context/UserAuthContext.js: {}
my-app/src/context/UserAuthContext.js: {}
my-app/src/context/UserAuthContext.js: {}
my-app/src/context/UserAuthContext.js: Using EditorConfig core...
my-app/src/context/UserAuthContext.js: Using EditorConfig core...
my-app/src/context/UserAuthContext.js: {}
my-app/src/context/UserAuthContext.js: Using EditorConfig core...
my-app/src/context/UserAuthContext.js: {}
my-app/src/context/UserAuthContext.js: Using EditorConfig core...
my-app/src/context/UserAuthContext.js: {}
my-app/src/context/UserAuthContext.js: {}
my-app/src/context/UserAuthContext.js: {}
my-app/src/context/UserAuthContext.js: {}
my-app/src/context/UserAuthContext.js: {}
my-app/src/context/UserAuthContext.js: {}
my-app/src/context/UserAuthContext.js: {}
my-app/src/context/UserAuthContext.js: Using EditorConfig core...
my-app/src/context/UserAuthContext.js: {}
my-app/src/context/UserAuthContext.js: {}
my-app/src/context/UserAuthContext.js: {}
my-app/src/context/UserAuthContext.js: {}
my-app/src/context/UserAuthContext.js: {}
my-app/src/context/UserAuthContext.js: Using EditorConfig core...
my-app/src/context/UserAuthContext.js: {}
my-app/src/context/UserAuthContext.js: Using EditorConfig core...
my-app/src/context/UserAuthContext.js: {}
my-app/src/context/UserAuthContext.js: {}
my-app/src/context/UserAuthContext.js: {}
my-app/src/components/Signup.js: {}
my-app/src/components/Signup.js: {}
my-app/src/components/Signup.js: Using EditorConfig core...
my-app/src/components/Signup.js: {}
my-app/src/components/Signup.js: {}
my-app/src/components/Signup.js: {}
my-app/src/components/Signup.js: Using EditorConfig core...
my-app/src/components/Signup.js: {}
my-app/src/components/Signup.js: Using EditorConfig core...
my-app/src/components/Signup.js: {}
my-app/src/components/Signup.js: Using EditorConfig core...
my-app/src/components/Signup.js: {}
my-app/src/components/Signup.js: Using EditorConfig core...
my-app/src/components/Signup.js: Using EditorConfig core...
my-app/src/components/Signup.js: {}
my-app/src/components/Signup.js: Using EditorConfig core...
my-app/src/components/Signup.js: {}
my-app/src/components/Signup.js: Using EditorConfig core...
my-app/src/components/Signup.js: {}
my-app/src/components/ProtectedRoute.js: {}
my-app/src/components/ProtectedRoute.js: {}
my-app/src/components/Login.js: {}
my-app/src/components/ProtectedRoute.js: {}
my-app/src/context/UserAuthContext.js: {}
my-app/src/context/UserAuthContext.js: {}
my-app/src/context/UserAuthContext.js: {}
my-app/src/context/UserAuthContext.js: Using EditorConfig core...
my-app/src/context/UserAuthContext.js: Using EditorConfig core...
my-app/src/context/UserAuthContext.js: {}
my-app/src/App.js: {}
my-app/src/index.js: {}
my-app/src/App.js: {}
my-app/src/App.js: Using EditorConfig core...
my-app/src/App.js: {}
my-app/src/App.js: Using EditorConfig core...
my-app/src/App.js: {}
my-app/src/components/firebase.js: {}
my-app/src/components/firebase.js: {}
my-app/src/App.js: {}
my-app/src/App.js: {}
my-app/src/context/UserAuthContext.js: {}
my-app/src/components/Signup.js: {}
my-app/src/App.js: {}
my-app/src/App.js: Using EditorConfig core...
my-app/src/App.js: {}
my-app/src/context/UserAuthContext.js: {}
my-app/src/components/Signup.js: {}
my-app/src/context/UserAuthContext.js: {}
my-app/src/App.js: {}
my-app/src/components/firebase.js: {}
my-app/src/App.js: {}
my-app/src/components/Signup.js: {}
my-app/src/App.js: {}
my-app/src/context/UserAuthContext.js: {}
my-app/src/context/UserAuthContext.js: {}
my-app/src/context/UserAuthContext.js: Using EditorConfig core...
my-app/src/context/UserAuthContext.js: {}
my-app/src/App.js: {}
my-app/src/App.js: {}
my-app/src/context/UserAuthContext.js: {}
my-app/src/App.js: {}
my-app/src/App.js: {}
my-app/src/App.js: Using EditorConfig core...
my-app/src/App.js: {}
my-app/src/context/UserAuthContext.js: {}
my-app/src/context/UserAuthContext.js: {}
my-app/src/context/UserAuthContext.js: {}
my-app/src/context/UserAuthContext.js: Using EditorConfig core...
my-app/src/context/UserAuthContext.js: Using EditorConfig core...
my-app/src/context/UserAuthContext.js: {}
my-app/src/context/UserAuthContext.js: Using EditorConfig core...
my-app/src/context/UserAuthContext.js: {}
my-app/src/context/UserAuthContext.js: Using EditorConfig core...
my-app/src/context/UserAuthContext.js: {}
my-app/src/context/UserAuthContext.js: {}
my-app/src/components/Home.js: {}
my-app/src/components/Login.js: {}
my-app/src/components/ProtectedRoute.js: {}
my-app/src/components/Signup.js: {}
my-app/src/context/UserAuthContext.js: {}
my-app/src/context/UserAuthContext.js: {}
my-app/src/App.js: {}
my-app/src/context/UserAuthContext.js: {}
my-app/src/context/UserAuthContext.js: Using EditorConfig core...
my-app/src/context/UserAuthContext.js: {}
my-app/src/context/UserAuthContext.js: {}
my-app/src/context/UserAuthContext.js: {}
my-app/src/context/UserAuthContext.js: Using EditorConfig core...
my-app/src/context/UserAuthContext.js: Using EditorConfig core...
my-app/src/context/UserAuthContext.js: {}
my-app/src/context/UserAuthContext.js: Using EditorConfig core...
my-app/src/context/UserAuthContext.js: {}
my-app/src/App.test.js: {}
my-app/src/App.js: {}
my-app/src/context/UserAuthContext.js: {}
my-app/src/context/UserAuthContext.js: Using EditorConfig core...
my-app/src/context/UserAuthContext.js: {}
my-app/src/context/UserAuthContext.js: Using EditorConfig core...
my-app/src/context/UserAuthContext.js: {}
my-app/src/context/UserAuthContext.js: {}
my-app/src/App.js: {}
my-app/src/App.js: {}
my-app/src/App.js: Using EditorConfig core...
my-app/src/App.js: {}
my-app/src/App.js: Using EditorConfig core...
my-app/src/App.js: {}
my-app/src/App.js: {}
my-app/src/context/UserAuthContext.js: {}
my-app/src/context/UserAuthContext.js: Using EditorConfig core...
my-app/src/context/UserAuthContext.js: Using EditorConfig core...
my-app/src/context/UserAuthContext.js: {}
my-app/src/context/UserAuthContext.js: Using EditorConfig core...
my-app/src/context/UserAuthContext.js: Using EditorConfig core...
my-app/src/context/UserAuthContext.js: {}
my-app/src/context/UserAuthContext.js: Using EditorConfig core...
my-app/src/context/UserAuthContext.js: {}
my-app/src/App.js: {}
my-app/src/components/Signup.js: {}
my-app/src/components/Signup.js: {}
my-app/src/components/Signup.js: Using EditorConfig core...
my-app/src/components/Signup.js: {}
my-app/src/components/Signup.js: Using EditorConfig core...
my-app/src/components/Signup.js: {}
my-app/src/components/Signup.js: Using EditorConfig core...
my-app/src/components/Signup.js: {}
my-app/src/components/Signup.js: {}
my-app/src/components/Signup.js: {}
my-app/src/components/Signup.js: Using EditorConfig core...
my-app/src/components/Signup.js: Using EditorConfig core...
my-app/src/components/Signup.js: {}
my-app/src/components/Signup.js: Using EditorConfig core...
my-app/src/components/Signup.js: Using EditorConfig core...
my-app/src/components/Signup.js: Using EditorConfig core...
my-app/src/components/Signup.js: Using EditorConfig core...
my-app/src/components/Signup.js: {}
my-app/src/components/Signup.js: Using EditorConfig core...
my-app/src/components/Signup.js: Using EditorConfig core...
my-app/src/components/Signup.js: {}
my-app/src/components/Signup.js: Using EditorConfig core...
my-app/src/components/Signup.js: Using EditorConfig core...
