2023-03-09 12:06:06.914 [info] Reading sessions from keychain...
2023-03-09 12:06:06.914 [info] Getting sessions for all scopes...
2023-03-09 12:06:06.914 [info] Getting sessions for user:email...
2023-03-09 12:06:06.914 [info] Got stored sessions!
2023-03-09 12:06:06.914 [info] Got 2 verified sessions.
2023-03-09 12:06:06.914 [info] Got 2 sessions for ...
2023-03-09 12:06:06.914 [info] Got 1 sessions for user:email...
2023-03-09 12:06:07.056 [info] Getting sessions for codespace,read:user,repo,user:email...
2023-03-09 12:06:07.058 [info] Got 0 sessions for codespace,read:user,repo,user:email...
2023-03-09 12:06:07.745 [info] Getting sessions for all scopes...
2023-03-09 12:06:07.745 [info] Got 2 sessions for ...
2023-03-09 12:06:08.294 [info] Getting sessions for read:user,repo,user:email,workflow...
2023-03-09 12:06:08.294 [info] Got 0 sessions for read:user,repo,user:email,workflow...
2023-03-09 12:06:09.328 [info] Getting sessions for all scopes...
2023-03-09 12:06:09.328 [info] Got 2 sessions for ...
2023-03-09 12:06:09.390 [info] Getting sessions for read:user...
2023-03-09 12:06:09.390 [info] Got 1 sessions for read:user...
2023-03-09 12:06:09.435 [info] Getting sessions for read:user,repo,user:email,workflow...
2023-03-09 12:06:09.436 [info] Got 0 sessions for read:user,repo,user:email,workflow...
2023-03-09 12:06:09.439 [info] Getting sessions for read:user,repo,user:email...
2023-03-09 12:06:09.440 [info] Got 0 sessions for read:user,repo,user:email...
2023-03-09 12:06:09.490 [info] Getting user info...
2023-03-09 12:06:09.774 [info] Got account info!
2023-03-09 12:06:28.611 [info] Getting sessions for all scopes...
2023-03-09 12:06:28.611 [info] Got 2 sessions for ...
2023-03-09 12:07:07.269 [info] Reading sessions from keychain...
2023-03-09 12:07:07.269 [info] Getting sessions for user:email...
2023-03-09 12:07:07.269 [info] Getting sessions for codespace,read:user,repo,user:email...
2023-03-09 12:07:07.269 [info] Got stored sessions!
2023-03-09 12:07:07.269 [info] Got 2 verified sessions.
2023-03-09 12:07:07.269 [info] Got 1 sessions for user:email...
2023-03-09 12:07:07.269 [info] Got 0 sessions for codespace,read:user,repo,user:email...
2023-03-09 12:07:07.269 [info] Getting sessions for all scopes...
2023-03-09 12:07:07.269 [info] Got 2 sessions for ...
2023-03-09 12:07:07.306 [info] Getting sessions for all scopes...
2023-03-09 12:07:07.306 [info] Got 2 sessions for ...
2023-03-09 12:07:07.801 [info] Getting sessions for all scopes...
2023-03-09 12:07:07.801 [info] Got 2 sessions for ...
2023-03-09 12:07:07.841 [info] Getting sessions for read:user,repo,user:email,workflow...
2023-03-09 12:07:07.841 [info] Got 0 sessions for read:user,repo,user:email,workflow...
2023-03-09 12:07:07.872 [info] Getting sessions for all scopes...
2023-03-09 12:07:07.873 [info] Got 2 sessions for ...
2023-03-09 12:07:07.873 [info] Getting sessions for read:user,repo,user:email...
2023-03-09 12:07:07.873 [info] Got 0 sessions for read:user,repo,user:email...
2023-03-09 12:07:07.965 [info] Getting sessions for read:user,repo,user:email,workflow...
2023-03-09 12:07:07.965 [info] Got 0 sessions for read:user,repo,user:email,workflow...
2023-03-09 12:07:08.670 [info] Getting user info...
2023-03-09 12:07:08.954 [info] Got account info!
2023-03-09 12:07:10.656 [info] Getting sessions for read:user...
2023-03-09 12:07:10.656 [info] Got 1 sessions for read:user...
