2023-03-09 12:06:05.118 [info] Added views:workbench.panel.markers.view in workbench.panel.markers
2023-03-09 12:06:05.118 [info] Added views:workbench.panel.output in workbench.panel.output
2023-03-09 12:06:05.118 [info] Added views:terminal in terminal
2023-03-09 12:06:05.118 [info] Added views:outline in workbench.view.explorer
2023-03-09 12:06:05.118 [info] Added views:workbench.scm in workbench.view.scm
2023-03-09 12:06:05.118 [info] Added views:workbench.view.search in workbench.view.search
2023-03-09 12:06:05.118 [info] Added views:timeline in workbench.view.explorer
2023-03-09 12:06:05.118 [info] Added views:workbench.explorer.emptyView in workbench.view.explorer
2023-03-09 12:06:05.150 [info] Added views:workbench.debug.variablesView,workbench.debug.watchExpressionsView,workbench.debug.callStackView,workbench.debug.breakPointsView in workbench.view.debug
2023-03-09 12:06:05.692 [info] Added views:projectsExplorerFavorites,projectManagerHelpAndFeedback in workbench.view.extension.project-manager
2023-03-09 12:06:05.692 [info] Added views:atlascode.views.helpTreeView in workbench.view.extension.atlascode-drawer
2023-03-09 12:06:05.693 [info] Added views:gitlens.views.home,gitlens.views.contributors in workbench.view.extension.gitlens
2023-03-09 12:06:05.693 [info] Added views:gitlens.views.commits,gitlens.views.commitDetails,gitlens.views.fileHistory,gitlens.views.branches,gitlens.views.remotes,gitlens.views.stashes,gitlens.views.tags,gitlens.views.searchAndCompare in workbench.view.scm
2023-03-09 12:06:05.693 [info] Added views:github.codespaces.explorer in workbench.view.remote
2023-03-09 12:06:05.694 [info] Added views:pr:github,issues:github in workbench.view.extension.github-pull-requests
2023-03-09 12:06:05.695 [info] Added views:dockerContainers,dockerImages,dockerRegistries,dockerNetworks,dockerVolumes,vscode-docker.views.dockerContexts,vscode-docker.views.help in workbench.view.extension.dockerView
2023-03-09 12:06:05.695 [info] Added views:targetsContainers,devVolumes in workbench.view.remote
2023-03-09 12:06:05.881 [info] Added views:workbench.panel.repl.view in workbench.panel.repl
2023-03-09 12:06:05.881 [info] Removed views:workbench.debug.breakPointsView,workbench.debug.callStackView,workbench.debug.watchExpressionsView,workbench.debug.variablesView from workbench.view.debug
2023-03-09 12:06:05.881 [info] Added views:workbench.debug.welcome in workbench.view.debug
2023-03-09 12:06:06.575 [info] Added views:workbench.panel.comments in workbench.panel.comments
2023-03-09 12:06:08.046 [info] Added views:atlascode.views.jira.customJql in workbench.view.extension.atlascode-drawer
2023-03-09 12:06:08.067 [info] Added views:atlascode.views.bb.pullrequestsTreeView in workbench.view.extension.atlascode-drawer
2023-03-09 12:06:08.252 [info] Added views:liveshare.session,liveshare.contacts in workbench.view.extension.liveshare
2023-03-09 12:06:09.211 [info] Added views:projectsExplorerGit in workbench.view.extension.project-manager
2023-03-09 12:06:09.229 [info] Removed views:gitlens.views.searchAndCompare,gitlens.views.tags,gitlens.views.stashes,gitlens.views.remotes,gitlens.views.branches,gitlens.views.fileHistory,gitlens.views.commitDetails,gitlens.views.commits from workbench.view.scm
2023-03-09 12:06:09.230 [info] Removed views:gitlens.views.contributors from workbench.view.extension.gitlens
2023-03-09 12:06:28.556 [info] Added views:tabnine-home in workbench.view.extension.tabnine-access
2023-03-09 12:06:28.557 [info] Added views:tabnine-notifications in workbench.view.extension.tabnine-access
2023-03-09 12:06:28.558 [info] Added views:tabnine-today in workbench.view.extension.tabnine-access
2023-03-09 12:07:05.933 [info] Added views:workbench.panel.markers.view in workbench.panel.markers
2023-03-09 12:07:05.933 [info] Added views:workbench.panel.output in workbench.panel.output
2023-03-09 12:07:05.933 [info] Added views:terminal in terminal
2023-03-09 12:07:05.933 [info] Added views:outline in workbench.view.explorer
2023-03-09 12:07:05.933 [info] Added views:workbench.scm in workbench.view.scm
2023-03-09 12:07:05.933 [info] Added views:workbench.view.search in workbench.view.search
2023-03-09 12:07:05.933 [info] Added views:timeline in workbench.view.explorer
2023-03-09 12:07:05.933 [info] Added views:workbench.explorer.fileView in workbench.view.explorer
2023-03-09 12:07:05.985 [info] Added views:workbench.debug.variablesView,workbench.debug.watchExpressionsView,workbench.debug.callStackView,workbench.debug.breakPointsView in workbench.view.debug
2023-03-09 12:07:06.148 [info] Added views:projectsExplorerFavorites,projectManagerHelpAndFeedback in workbench.view.extension.project-manager
2023-03-09 12:07:06.149 [info] Added views:gitlens.views.home,gitlens.views.contributors in workbench.view.extension.gitlens
2023-03-09 12:07:06.149 [info] Added views:gitlens.views.commits,gitlens.views.commitDetails,gitlens.views.fileHistory,gitlens.views.branches,gitlens.views.remotes,gitlens.views.stashes,gitlens.views.tags,gitlens.views.searchAndCompare in workbench.view.scm
2023-03-09 12:07:06.150 [info] Added views:github.codespaces.explorer in workbench.view.remote
2023-03-09 12:07:06.150 [info] Added views:pr:github,issues:github in workbench.view.extension.github-pull-requests
2023-03-09 12:07:06.150 [info] Added views:dockerContainers,dockerImages,dockerRegistries,dockerNetworks,dockerVolumes,vscode-docker.views.dockerContexts,vscode-docker.views.help in workbench.view.extension.dockerView
2023-03-09 12:07:06.151 [info] Added views:targetsContainers,devVolumes in workbench.view.remote
2023-03-09 12:07:06.322 [info] Added views:workbench.panel.repl.view in workbench.panel.repl
2023-03-09 12:07:06.323 [info] Removed views:workbench.debug.breakPointsView,workbench.debug.callStackView,workbench.debug.watchExpressionsView,workbench.debug.variablesView from workbench.view.debug
2023-03-09 12:07:06.323 [info] Added views:workbench.debug.welcome in workbench.view.debug
2023-03-09 12:07:06.626 [info] Added views:workbench.panel.comments in workbench.panel.comments
2023-03-09 12:07:07.745 [info] Added views:projectsExplorerGit in workbench.view.extension.project-manager
2023-03-09 12:07:07.895 [info] Added views:tabnine-home in workbench.view.extension.tabnine-access
2023-03-09 12:07:07.895 [info] Added views:tabnine-notifications in workbench.view.extension.tabnine-access
2023-03-09 12:07:07.895 [info] Added views:tabnine-today in workbench.view.extension.tabnine-access
2023-03-09 12:07:07.934 [info] Added views:liveshare.session,liveshare.contacts in workbench.view.extension.liveshare
2023-03-09 12:07:08.363 [info] Added views:gitlens.views.timeline in workbench.view.extension.gitlensPanel
2023-03-09 12:07:08.364 [info] Added views:gitlens.views.worktrees in workbench.view.scm
2023-03-09 12:07:10.210 [info] Added views:atlascode.views.helpTreeView in workbench.view.extension.atlascode-drawer
2023-03-09 12:07:10.859 [info] Added views:atlascode.views.jira.customJql in workbench.view.extension.atlascode-drawer
2023-03-09 12:07:10.866 [info] Added views:atlascode.views.bb.pullrequestsTreeView in workbench.view.extension.atlascode-drawer
2023-03-09 12:07:10.945 [info] Added views:github:activePullRequest:welcome in workbench.view.extension.github-pull-request
2023-03-09 12:07:10.945 [info] Removed views:github:activePullRequest:welcome from workbench.view.extension.github-pull-request
2023-03-09 12:07:10.966 [info] Removed views:issues:github,pr:github from workbench.view.extension.github-pull-requests
2023-03-09 12:07:10.966 [info] Added views:github:login in workbench.view.extension.github-pull-requests
2023-03-09 13:16:11.429 [info] Added views:workbench.view.testing in workbench.view.extension.test
